C51 COMPILER V9.54   DS1302                                                                06/01/2017 14:26:31 PAGE 1   


C51 COMPILER V9.54, COMPILATION OF MODULE DS1302
OBJECT MODULE PLACED IN ds1302.obj
COMPILER INVOKED BY: J:\program\keil\C51\BIN\C51.EXE class\ds1302.c LARGE OPTIMIZE(8,SPEED) BROWSE DEBUG OBJECTEXTEND PR
                    -INT(.\ds1302.lst) TABS(2) OBJECT(ds1302.obj)

line level    source

   1          #include"ds1302.h"
   2          
   3          void DS1302InputByte(unsigned char d)   //实时时钟写入一字节(内部函数)
   4          { 
   5   1          unsigned char i;
   6   1          ACC = d;
   7   1          for(i=8; i>0; i--)
   8   1          {
   9   2              DS1302_IO = ACC0;             //相当于汇编中的 RRC
  10   2              DS1302_CLK = 1;
  11   2              DS1302_CLK = 0;
  12   2              ACC = ACC >> 1; 
  13   2          } 
  14   1      }
  15          
  16          unsigned char DS1302OutputByte(void)  //实时时钟读取一字节(内部函数)
  17          { 
  18   1          unsigned char i;
  19   1          for(i=8; i>0; i--)
  20   1          {
  21   2              ACC = ACC >>1;              //相当于汇编中的 RRC 
  22   2              ACC7 = DS1302_IO;
  23   2              DS1302_CLK = 1;
  24   2              DS1302_CLK = 0;
  25   2          } 
  26   1          return(ACC); 
  27   1      }
  28          
  29          void Write1302(unsigned char ucAddr, unsigned char ucDa)  //ucAddr: DS1302地址, ucData: 要写的数据
  30          {
  31   1          DS1302_RST = 0;
  32   1          DS1302_CLK = 0;
  33   1          DS1302_RST = 1;
  34   1          DS1302InputByte(ucAddr);        // 地址，命令 
  35   1          DS1302InputByte(ucDa);        // 写1Byte数据
  36   1      //    DS1302_CLK = 1;
  37   1          DS1302_RST = 0;
  38   1      } 
  39          
  40          unsigned char Read1302(unsigned char ucAddr)  //读取DS1302某地址的数据
  41          {
  42   1          unsigned char ucData;
  43   1          DS1302_RST = 0;
  44   1          DS1302_CLK = 0;
  45   1          DS1302_RST = 1;
  46   1          DS1302InputByte(ucAddr|0x01);        // 地址，命令 
  47   1          ucData = DS1302OutputByte();         // 读1Byte数据
  48   1      //    DS1302_CLK = 1;
  49   1          DS1302_RST = 0;
  50   1          return(ucData);
  51   1      }
  52          
  53          void DS1302_SetProtect(bit flag)        //是否写保护
  54          {
C51 COMPILER V9.54   DS1302                                                                06/01/2017 14:26:31 PAGE 2   

  55   1        if(flag)
  56   1          Write1302(0x8E,0x10);
  57   1        else
  58   1          Write1302(0x8E,0x00);
  59   1      }
  60          
  61          void DS1302_SetTime(unsigned char Address, unsigned char Value)        // 设置时间函数
  62          {
  63   1        DS1302_SetProtect(0);
  64   1        Write1302(Address, ((Value/10)<<4 | (Value%10))); 
  65   1      }
  66          
  67          void DS1302_GetTime(SYSTEMTIME *Time)
  68          {
  69   1        unsigned char ReadValue;
  70   1        ReadValue = Read1302(DS1302_SECOND);
  71   1        Time->Second = ((ReadValue&0x70)>>4)*10 + (ReadValue&0x0F); //八进制转换成十进制
  72   1        ReadValue = Read1302(DS1302_MINUTE);
  73   1        Time->Minute = ((ReadValue&0x70)>>4)*10 + (ReadValue&0x0F);
  74   1        ReadValue = Read1302(DS1302_HOUR);
  75   1        Time->Hour = ((ReadValue&0x70)>>4)*10 + (ReadValue&0x0F);
  76   1        ReadValue = Read1302(DS1302_DAY);
  77   1        Time->Day = ((ReadValue&0x70)>>4)*10 + (ReadValue&0x0F);  
  78   1        ReadValue = Read1302(DS1302_WEEK);
  79   1        Time->Week = ((ReadValue&0x70)>>4)*10 + (ReadValue&0x0F);
  80   1        ReadValue = Read1302(DS1302_MONTH);
  81   1        Time->Month = ((ReadValue&0x70)>>4)*10 + (ReadValue&0x0F);
  82   1        ReadValue = Read1302(DS1302_YEAR);
  83   1        Time->Year = ((ReadValue&0x70)>>4)*10 + (ReadValue&0x0F); 
  84   1      }
  85          
  86          void DateToStr(SYSTEMTIME *Time)   //
  87          {
  88   1        Time->DateString[0] = Time->Year/10 ;  //分离出个位和十位
  89   1        Time->DateString[1] = Time->Year%10 ;
  90   1        Time->DateString[2] = '-';
  91   1        Time->DateString[3] = Time->Month/10;
  92   1        Time->DateString[4] = Time->Month%10 ;
  93   1        Time->DateString[5] = '-';
  94   1        Time->DateString[6] = Time->Day/10 ;
  95   1        Time->DateString[7] = Time->Day%10 ;
  96   1        Time->DateString[8] = '\0';
  97   1      }
  98          
  99          void TimeToStr(SYSTEMTIME *Time)
 100          {
 101   1        Time->TimeString[0] = Time->Hour/10 ;
 102   1        Time->TimeString[1] = Time->Hour%10 ;
 103   1        Time->TimeString[2] = ':';
 104   1        Time->TimeString[3] = Time->Minute/10 ;
 105   1        Time->TimeString[4] = Time->Minute%10 ;
 106   1        Time->TimeString[5] = ':';
 107   1        Time->TimeString[6] = Time->Second/10;
 108   1        Time->TimeString[7] = Time->Second%10 ;
 109   1        Time->DateString[8] = '\0';
 110   1      }
 111          
 112          void Initial_DS1302(void)
 113          {
 114   1        unsigned char Second=Read1302(DS1302_SECOND);
 115   1        if(Second&0x80)     
 116   1          DS1302_SetTime(DS1302_SECOND,0);
C51 COMPILER V9.54   DS1302                                                                06/01/2017 14:26:31 PAGE 3   

 117   1      }


MODULE INFORMATION:   STATIC OVERLAYABLE
   CODE SIZE        =    554    ----
   CONSTANT SIZE    =   ----    ----
   XDATA SIZE       =   ----    ----
   PDATA SIZE       =   ----    ----
   DATA SIZE        =   ----    ----
   IDATA SIZE       =   ----    ----
   BIT SIZE         =   ----       1
END OF MODULE INFORMATION.


C51 COMPILATION COMPLETE.  0 WARNING(S),  0 ERROR(S)
