C51 COMPILER V9.54   LIGTHCONTROLLER                                                       04/28/2017 20:53:53 PAGE 1   


C51 COMPILER V9.54, COMPILATION OF MODULE LIGTHCONTROLLER
OBJECT MODULE PLACED IN ligthcontroller.obj
COMPILER INVOKED BY: J:\program\keil\C51\BIN\C51.EXE class\ligthcontroller.c LARGE OPTIMIZE(8,SPEED) BROWSE DEBUG OBJECT
                    -EXTEND PRINT(.\ligthcontroller.lst) TABS(2) OBJECT(ligthcontroller.obj)

line level    source

   1          #include"ligthcontroller.h"
   2          
   3          char lightvalue = 0;
   4          bit timeout = 1;
   5          char lightopen[4];
   6          char lightstate[4];//当前灯的状态
   7          char lvtono = 5;//在当前亮度可以开灯
   8          char lvtooff = 4;//在当前亮度可关灯
   9          
  10          void setlight(char para)
  11          {   
  12   1         _LIGHT_1 = 1;
  13   1         _LIGHT_2 = 1;
  14   1         _LIGHT_3 = 1;
  15   1          lightstate[0]=0;
  16   1          lightstate[1]=0;
  17   1          lightstate[2]=0;
  18   1          lightstate[3]=0;
  19   1        if(para > 0 && lightopen[0])
  20   1          {
  21   2            _LIGHT_1 = 0;
  22   2            lightstate[0]=1;
  23   2            para--;
  24   2          }
  25   1        if(para > 0 && lightopen[1])
  26   1          {
  27   2            _LIGHT_2 = 0;
  28   2            lightstate[1]=1;
  29   2            para--;
  30   2          }
  31   1        if(para > 0 && lightopen[2])
  32   1          {
  33   2            _LIGHT_3 = 0;
  34   2            lightstate[2]=1;
  35   2            para--;
  36   2          }
  37   1      }
  38          void timectrl()
  39          { 
  40   1        timetoclose(&currenttime,&closetime,&opentime);
  41   1        //numberctrl(number);
  42   1        setlight(lightvalue);   
  43   1      }
  44          void lightctrl(char*para,unsigned char _size,unsigned char number)
  45          {
  46   1        unsigned char index = 0;
  47   1        unsigned char lightpoint = 0;//有几个点亮度是足够的。
  48   1        lightvalue = 0;
  49   1        for(index=0;index<_size;index++)
  50   1        {
  51   2          if(para[index] > lvtono)
  52   2          {
  53   3            lightopen[index]=1;
  54   3            lightvalue++;
C51 COMPILER V9.54   LIGTHCONTROLLER                                                       04/28/2017 20:53:53 PAGE 2   

  55   3          }
  56   2          if(para[index] <= lvtooff)
  57   2          {
  58   3            lightopen[index] = 0;
  59   3          }
  60   2        }
  61   1        lightpoint = _size - lightvalue;
  62   1        if(number > lightpoint) 
  63   1        {
  64   2          lightvalue = number - lightpoint;
  65   2        }
  66   1        else
  67   1        {
  68   2          lightvalue = 0;
  69   2        }
  70   1      }
  71          char timecmp(DATE* time1,DATE* time2)
  72          {
*** WARNING C235 IN LINE 72 OF class\ligthcontroller.c: parameter 1: different types
*** WARNING C235 IN LINE 72 OF class\ligthcontroller.c: parameter 2: different types
  73   1        if(time1->hour > time2->hour) 
  74   1        {
  75   2          return 1;
  76   2        }
  77   1      
  78   1        if(time1->hour == time2->hour&&
  79   1           time1->min > time2->min )
  80   1        {
  81   2          return 1;
  82   2        }
  83   1        if(time1->hour == time2->hour&&
  84   1           time1->min == time2->min&&
  85   1           time1->sec > time2->sec) 
  86   1        {
  87   2          return 1;
  88   2        }
  89   1        return -1;
  90   1      }
  91          void timetoclose(DATE* curr,DATE* closetime,DATE* opentime)
  92          {
*** WARNING C235 IN LINE 92 OF class\ligthcontroller.c: parameter 1: different types
*** WARNING C235 IN LINE 92 OF class\ligthcontroller.c: parameter 2: different types
*** WARNING C235 IN LINE 92 OF class\ligthcontroller.c: parameter 3: different types
  93   1        if(timecmp(closetime,opentime) > 0)
  94   1        {
  95   2          if(timecmp(curr,opentime) >0&&
  96   2          timecmp(curr,closetime) <0 )
  97   2          {
  98   3            timeout = 0;
  99   3            return;   
 100   3          }
 101   2          timeout=1;
 102   2          lightvalue=0;   
 103   2        }
 104   1        else
 105   1        {
 106   2          if(timecmp(curr,opentime) < 0 && 
 107   2            timecmp(curr,closetime) > 0)
 108   2          {
 109   3            //未到开灯时间
 110   3            timeout=1;
 111   3            lightvalue=0;
C51 COMPILER V9.54   LIGTHCONTROLLER                                                       04/28/2017 20:53:53 PAGE 3   

 112   3            return;
 113   3          }
 114   2          timeout = 0;  
 115   2        }   
 116   1      }
 117          
 118          void numberctrl(unsigned char num)
 119          {
 120   1         if(timeout)return;
 121   1         if(num <= lightvalue)
 122   1         {
 123   2          lightvalue = num;
 124   2         }
 125   1      }
 126          


MODULE INFORMATION:   STATIC OVERLAYABLE
   CODE SIZE        =    679    ----
   CONSTANT SIZE    =   ----    ----
   XDATA SIZE       =     11      20
   PDATA SIZE       =   ----    ----
   DATA SIZE        =   ----    ----
   IDATA SIZE       =   ----    ----
   BIT SIZE         =      1    ----
END OF MODULE INFORMATION.


C51 COMPILATION COMPLETE.  5 WARNING(S),  0 ERROR(S)
