C51 COMPILER V9.00   MAIN                                                                  04/12/2017 11:23:46 PAGE 1   


C51 COMPILER V9.00, COMPILATION OF MODULE MAIN
OBJECT MODULE PLACED IN main.obj
COMPILER INVOKED BY: I:\program\keil\C51\BIN\C51.EXE class\main.c LARGE BROWSE DEBUG OBJECTEXTEND PRINT(.\main.lst) OBJE
                    -CT(main.obj)

line level    source

   1          
   2          #include"global.h"
   3          
   4          unsigned int osclock = 0;
   5          
   6          void C51Timer0Init();
   7          void schdulerswitch();
   8          
   9          /************************主函数********************/
  10          void main()
  11          {
  12   1         uartinit();
  13   1         NRF24L01Int();
  14   1         C51Timer0Init();
  15   1         controllerinit();
  16   1         SendString("init\r\n");
  17   1         while(1)
  18   1          {
  19   2                      schdulerswitch();
  20   2              }
  21   1      }
  22          void schdulerswitch()
  23          {
  24   1               update();
  25   1               if(osclock%1000 ==0 )
  26   1               {
  27   2                      sch1s();
  28   2               }
  29   1               if(osclock%100 == 0)
  30   1               {
  31   2                      sch02s();
  32   2               }
  33   1      }
  34          void C51Timer0Init()
  35          {       
  36   1              AUXR |= 0x80;           //定时器时钟1T模式
  37   1              TMOD &= 0xF0;           //设置定时器模式
  38   1              TL0 = 0xCD;             //设置定时初值
  39   1              TH0 = 0xD4;             //设置定时初值
  40   1              TF0 = 0;                //清除TF0标志
  41   1              TR0 = 1;                //定时器0开始计时
  42   1              ET0 = 1; //使能定时器0中断
  43   1          EA = 1;
  44   1      
  45   1      }
  46          void Timer0Interrupt() interrupt 1 using 2
  47          {
  48   1                 osclock = (osclock+1)%3000;
  49   1                 if(osclock%1000 == 0)
  50   1                 {
  51   2                       P55 = ~P55;
  52   2                 }
  53   1      }

C51 COMPILER V9.00   MAIN                                                                  04/12/2017 11:23:46 PAGE 2   


MODULE INFORMATION:   STATIC OVERLAYABLE
   CODE SIZE        =    160    ----
   CONSTANT SIZE    =      7    ----
   XDATA SIZE       =      2    ----
   PDATA SIZE       =   ----    ----
   DATA SIZE        =   ----    ----
   IDATA SIZE       =   ----    ----
   BIT SIZE         =   ----    ----
END OF MODULE INFORMATION.


C51 COMPILATION COMPLETE.  0 WARNING(S),  0 ERROR(S)
