C51 COMPILER V9.54   SCHDULER                                                              04/28/2017 20:53:52 PAGE 1   


C51 COMPILER V9.54, COMPILATION OF MODULE SCHDULER
OBJECT MODULE PLACED IN schduler.obj
COMPILER INVOKED BY: J:\program\keil\C51\BIN\C51.EXE class\schduler.c LARGE OPTIMIZE(8,SPEED) BROWSE DEBUG OBJECTEXTEND 
                    -PRINT(.\schduler.lst) TABS(2) OBJECT(schduler.obj)

line level    source

   1          #include"schduler.h"
   2          
   3          void update()
   4          {
   5   1        char i=0;
   6   1        NRFSetRXMode();//设置为接收模式
   7   1        GetDate();//开始接收数据  
   8   1        parafilter(RevTempDate0,RX_DATA_WITDH);
   9   1      }
  10          
  11          void sch1s()
  12          {
  13   1        getcutrrenttime();
  14   1        lightctrl(paralist,3,number);
  15   1        timectrl();//根据时间关灯
  16   1        
  17   1      } 
  18          void sch005s()
  19          {
  20   1        
  21   1        keyhandler();
  22   1      }
  23          void sch01s()
  24          { 
  25   1          cashcard(getuartbuf());
  26   1      }
  27          void sch03s()
  28          {
  29   1        beehandler();
  30   1      }
  31          void sch05s()
  32          {
  33   1        uiupdater();
  34   1      }


MODULE INFORMATION:   STATIC OVERLAYABLE
   CODE SIZE        =     62    ----
   CONSTANT SIZE    =   ----    ----
   XDATA SIZE       =   ----       1
   PDATA SIZE       =   ----    ----
   DATA SIZE        =   ----    ----
   IDATA SIZE       =   ----    ----
   BIT SIZE         =   ----    ----
END OF MODULE INFORMATION.


C51 COMPILATION COMPLETE.  0 WARNING(S),  0 ERROR(S)
