C51 COMPILER V9.00   UART                                                                  04/10/2017 20:02:31 PAGE 1   


C51 COMPILER V9.00, COMPILATION OF MODULE UART
OBJECT MODULE PLACED IN uart.obj
COMPILER INVOKED BY: I:\program\keil\C51\BIN\C51.EXE class\uart.c LARGE BROWSE DEBUG OBJECTEXTEND PRINT(.\uart.lst) OBJE
                    -CT(uart.obj)

line level    source

   1          #include"uart.h"
   2           bit busy=0;
   3           unsigned char uartrecv[16];
   4           unsigned char _uartrecvindex = 0;
   5           char _readed = 1;
   6          // CASHCALLBACK _cashcallback;
   7          
   8          void uartinit()
   9          {
  10   1          ACC = P_SW1;
  11   1          ACC &= ~(S1_S0 | S1_S1);    //S1_S0=0 S1_S1=0
  12   1          P_SW1 = ACC;                //(P3.0/RxD, P3.1/TxD)
  13   1          
  14   1      //  ACC = P_SW1;
  15   1      //  ACC &= ~(S1_S0 | S1_S1);    //S1_S0=1 S1_S1=0
  16   1      //  ACC |= S1_S0;               //(P3.6/RxD_2, P3.7/TxD_2)
  17   1      //  P_SW1 = ACC;  
  18   1      //  
  19   1      //  ACC = P_SW1;
  20   1      //  ACC &= ~(S1_S0 | S1_S1);    //S1_S0=0 S1_S1=1
  21   1      //  ACC |= S1_S1;               //(P1.6/RxD_3, P1.7/TxD_3)
  22   1      //  P_SW1 = ACC;  
  23   1      //      _cashcallback = &cashcard;
  24   1      #if (PARITYBIT == NONE_PARITY)
  25   1          SCON = 0x50;                //8位可变波特率
  26   1      #elif (PARITYBIT == ODD_PARITY) || (PARITYBIT == EVEN_PARITY) || (PARITYBIT == MARK_PARITY)
                  SCON = 0xda;                //9位可变波特率,校验位初始为1
              #elif (PARITYBIT == SPACE_PARITY)
                  SCON = 0xd2;                //9位可变波特率,校验位初始为0
              #endif
  31   1      
  32   1          T2L = (65536 - (FOSC/4/BAUD));   //设置波特率重装值
  33   1          T2H = (65536 - (FOSC/4/BAUD))>>8;
  34   1          AUXR = 0x14;                //T2为1T模式, 并启动定时器2
  35   1          AUXR |= 0x01;               //选择定时器2为串口1的波特率发生器
  36   1          ES = 1;                     //使能串口1中断
  37   1          EA = 1;
  38   1      }
  39          /*----------------------------
  40          UART 中断服务程序
  41          -----------------------------*/
  42          void Uart() interrupt 4 using 1
  43          {
  44   1          if (RI)
  45   1          {
  46   2              RI = 0;                 //清除RI位
  47   2                      uartrecv[_uartrecvindex] = SBUF;
  48   2                      setread(0);
  49   2                      _uartrecvindex++;
  50   2                      if (_uartrecvindex > 15)
  51   2                      {
  52   3                              _uartrecvindex = 0;
  53   3                              //接收数据完毕
  54   3      //                      _cashcallback(uartrecv);
C51 COMPILER V9.00   UART                                                                  04/10/2017 20:02:31 PAGE 2   

  55   3                      }
  56   2          }
  57   1          if (TI)
  58   1          {
  59   2              TI = 0;                 //清除TI位
  60   2              busy = 0;               //清忙标志
  61   2          }
  62   1      }
  63          /*----------------------------
  64          发送串口数据
  65          ----------------------------*/
  66          void SendData(BYTE dat)
  67          {
  68   1          while (busy);               //等待前面的数据发送完成
  69   1          ACC = dat;                  //获取校验位P (PSW.0)
  70   1          if (P)                      //根据P来设置校验位
  71   1          {
  72   2      #if (PARITYBIT == ODD_PARITY)
                      TB8 = 0;                //设置校验位为0
              #elif (PARITYBIT == EVEN_PARITY)
                      TB8 = 1;                //设置校验位为1
              #endif
  77   2          }
  78   1          else
  79   1          {
  80   2      #if (PARITYBIT == ODD_PARITY)
                      TB8 = 1;                //设置校验位为1
              #elif (PARITYBIT == EVEN_PARITY)
                      TB8 = 0;                //设置校验位为0
              #endif
  85   2          }
  86   1          busy = 1;
  87   1          SBUF = ACC;                 //写数据到UART数据寄存器
  88   1      }
  89          
  90          /*----------------------------
  91          发送字符串
  92          ----------------------------*/
  93          void SendString(char *s)
  94          {       
  95   1              unsigned char i=0;
  96   1          while (*(s+i))                  //检测字符串结束标志
  97   1          {
  98   2              SendData(*(s+i));         //发送当前字符
  99   2                      i++;
 100   2          }
 101   1      }
 102          unsigned char* getuartbuf()
 103          {
 104   1              return  uartrecv;
 105   1      }
 106          unsigned char getuartbuflen()
 107          {
 108   1              return _uartrecvindex;
 109   1      }
 110          char getreaded()
 111          {
 112   1              return _readed;
 113   1      }
 114          void setread(char read)
 115          {
 116   1              if(read) _uartrecvindex = 0;
C51 COMPILER V9.00   UART                                                                  04/10/2017 20:02:31 PAGE 3   

 117   1         _readed = read;
 118   1      }
 119          


MODULE INFORMATION:   STATIC OVERLAYABLE
   CODE SIZE        =    181    ----
   CONSTANT SIZE    =   ----    ----
   XDATA SIZE       =     18       3
   PDATA SIZE       =   ----    ----
   DATA SIZE        =   ----    ----
   IDATA SIZE       =   ----    ----
   BIT SIZE         =      1    ----
END OF MODULE INFORMATION.


C51 COMPILATION COMPLETE.  0 WARNING(S),  0 ERROR(S)
