C51 COMPILER V9.54   VIEW                                                                  04/28/2017 20:53:53 PAGE 1   


C51 COMPILER V9.54, COMPILATION OF MODULE VIEW
OBJECT MODULE PLACED IN view.obj
COMPILER INVOKED BY: J:\program\keil\C51\BIN\C51.EXE class\view.c LARGE OPTIMIZE(8,SPEED) BROWSE DEBUG OBJECTEXTEND PRIN
                    -T(.\view.lst) TABS(2) OBJECT(view.obj)

line level    source

   1          #include "view.h"
   2          
   3          unsigned char _page = 0;
   4          unsigned char lvsecond = 0;
   5          char trybee = 0;
   6          bit enablebee = 1;
   7          char msginval = 0;
   8          
   9          void showtimeval(DATE* time,char*name)
  10          {
*** WARNING C235 IN LINE 10 OF class\view.c: parameter 1: different types
  11   1         char str[20];
  12   1         sprintf(str,"[%d:%d:%d]",(int)time->hour,(int)time->min,(int)time->sec);
  13   1         LCDprintf(name,0);
  14   1         LCDprintf(str,-1);
  15   1      }
  16          void trunpage()
  17          {
  18   1        if(lvsecond == 0)
  19   1        {
  20   2          if(getkey(0)==15)
  21   2          {
  22   3          //ÉÏ·­Ò³
  23   3            _page++;
  24   3            if (_page >= MAXPAGE) _page = 0;
  25   3            beebee(1);
  26   3            LCDcls();
  27   3          }
  28   2          if(getkey(0)==11)
  29   2          {
  30   3          //ÏÂ·­Ò³
  31   3            --_page;
  32   3            if (_page>MAXPAGE-1)  _page = MAXPAGE-1;
  33   3            beebee(1);
  34   3            LCDcls();
  35   3          }
  36   2        }
  37   1      }
  38          void uiupdater()
  39          {
  40   1        char sendstr[30];
  41   1        if(msgviewhandler()) return;
  42   1        trunpage();
  43   1        if (_page == 0)
  44   1        { 
  45   2          LCDprintf("--wellcom-----use----WIMI-DEV-",0);  
  46   2        }
  47   1        else if (_page==1)
  48   1        {
  49   2          LCDprintf("-LIGS VAL-",0);
  50   2          sprintf(sendstr,"a:%d--b:%d--c:%d--d:%d",(int)paralist[0],
  51   2               (int)paralist[1],(int)paralist[2],(int)paralist[3]);
  52   2          LCDprintf(sendstr,-1);  
  53   2        }
C51 COMPILER V9.54   VIEW                                                                  04/28/2017 20:53:53 PAGE 2   

  54   1        else if (_page==2)
  55   1        {
  56   2          if(lvsecond==0) showtimeval(&currenttime,"-TIME-NOW-");
  57   2          setcurrenttime();
  58   2        }
  59   1        else if(_page == 3)
  60   1        {
  61   2          setclosetime(&opentime);
  62   2          if(lvsecond==0) showtimeval(&opentime,"OPEN-TIME-");  
  63   2        }
  64   1        else if(_page == 4)
  65   1        {
  66   2          setclosetime(&closetime);
  67   2          if(lvsecond==0) showtimeval(&closetime,"-OFF-TIME-");
  68   2        } 
  69   1        else if(_page == 5)
  70   1        {
  71   2          if(lvsecond==0)showbeeable();
  72   2          setbeeanle();
  73   2        }
  74   1        else if(_page == 6)
  75   1        {
  76   2          showlightsta();
  77   2        }
  78   1      
  79   1        getkey(1);
  80   1      }
  81          
  82          void beebee(char inval)
  83          {
  84   1        trybee = inval;
  85   1        beehandler();
  86   1      }
  87          void beehandler()
  88          {
  89   1          if(trybee > 0)
  90   1          {
  91   2            if(enablebee && trybee%2) _BEEBEE = 1;
  92   2            else _BEEBEE = 0; 
  93   2            trybee --;
  94   2          }
  95   1          else
  96   1          {
  97   2            _BEEBEE = 0;  
  98   2          }
  99   1      }
 100          void showbeeable()
 101          {
 102   1          char str[30];
 103   1          if(enablebee)
 104   1          {
 105   2            sprintf(str,"BEE-ENABLE----ON----");
 106   2          }
 107   1          else
 108   1          {
 109   2            sprintf(str,"BEE-ENABLE----OFF---");
 110   2          }
 111   1          LCDprintf(str,0);
 112   1      }
 113          void showlightsta()
 114          {
 115   1          char str[30];
C51 COMPILER V9.54   VIEW                                                                  04/28/2017 20:53:53 PAGE 3   

 116   1          char index=0;
 117   1          sprintf(str,"---LAMPS--");
 118   1          LCDprintf(str,0);
 119   1          for(index=0;index<3;index++)
 120   1          {
 121   2            if(lightstate[index])
 122   2            {
 123   3              sprintf(str,"%d:%c--",(int)index+1,'O');
 124   3              LCDprintf(str,-1);
 125   3            }
 126   2            else
 127   2            {
 128   3              sprintf(str,"%d:%c--",(int)index+1,'X');
 129   3              LCDprintf(str,-1);
 130   3            }
 131   2          }
 132   1      }
 133          void showmsg(char str[],char inval)
 134          {
 135   1        char msg[30];
 136   1        msginval = inval;
 137   1        sprintf(msg,"%s------%d",str,(int)msginval);
 138   1        LCDprintf(msg,0);
 139   1      }
 140          char msgviewhandler()
 141          {
 142   1        if(msginval > 0)
 143   1        {
 144   2          msginval--;
 145   2          //showmsg("",0);
 146   2          return 1;
 147   2        }
 148   1        if(msginval==0)
 149   1          { 
 150   2            LCDcls();
 151   2            msginval = -1;
 152   2          }
 153   1          return 0;
 154   1      }


MODULE INFORMATION:   STATIC OVERLAYABLE
   CODE SIZE        =    882    ----
   CONSTANT SIZE    =    181    ----
   XDATA SIZE       =      4     150
   PDATA SIZE       =   ----    ----
   DATA SIZE        =   ----    ----
   IDATA SIZE       =   ----    ----
   BIT SIZE         =      1    ----
END OF MODULE INFORMATION.


C51 COMPILATION COMPLETE.  1 WARNING(S),  0 ERROR(S)
